crmAndroid/build/outputs/logs/manifest-merger-debug-report.txt
-- Merging decision tree log ---
manifest
ADDED from src/main/AndroidManifest.xml:2:1-141:12
	package
		ADDED from src/main/AndroidManifest.xml:3:5-35
		INJECTED from src/main/AndroidManifest.xml
		INJECTED from src/main/AndroidManifest.xml
	android:versionName
		ADDED from src/main/AndroidManifest.xml:5:5-32
		INJECTED from src/main/AndroidManifest.xml
		INJECTED from src/main/AndroidManifest.xml
	android:versionCode
		ADDED from src/main/AndroidManifest.xml:4:5-30
		INJECTED from src/main/AndroidManifest.xml
		INJECTED from src/main/AndroidManifest.xml
	xmlns:android
		ADDED from src/main/AndroidManifest.xml:2:11-69
uses-permission#android.permission.INTERNET
ADDED from src/main/AndroidManifest.xml:7:5-67
MERGED from [:crmimlib:] AndroidManifest.xml:14:5-67
	android:name
		ADDED from src/main/AndroidManifest.xml:7:22-64
uses-permission#android.permission.ACCESS_NETWORK_STATE
ADDED from src/main/AndroidManifest.xml:8:5-79
MERGED from [:crmimlib:] AndroidManifest.xml:16:5-79
	android:name
		ADDED from src/main/AndroidManifest.xml:8:22-76
uses-permission#android.permission.ACCESS_WIFI_STATE
ADDED from src/main/AndroidManifest.xml:9:5-76
MERGED from [:crmimlib:] AndroidManifest.xml:15:5-76
	android:name
		ADDED from src/main/AndroidManifest.xml:9:22-73
uses-permission#com.google.android.providers.gsf.permission.READ_GSERVICES
ADDED from src/main/AndroidManifest.xml:10:5-98
	android:name
		ADDED from src/main/AndroidManifest.xml:10:22-95
uses-permission#android.permission.WRITE_EXTERNAL_STORAGE
ADDED from src/main/AndroidManifest.xml:11:5-81
MERGED from [:crmimlib:] AndroidManifest.xml:18:5-81
	android:name
		ADDED from src/main/AndroidManifest.xml:11:22-78
uses-permission#android.permission.GET_TASKS
ADDED from src/main/AndroidManifest.xml:12:5-68
	android:name
		ADDED from src/main/AndroidManifest.xml:12:22-65
uses-permission#android.permission.CHANGE_WIFI_STATE
ADDED from src/main/AndroidManifest.xml:13:5-76
	android:name
		ADDED from src/main/AndroidManifest.xml:13:22-73
uses-permission#android.permission.CHANGE_CONFIGURATION
ADDED from src/main/AndroidManifest.xml:14:5-79
	android:name
		ADDED from src/main/AndroidManifest.xml:14:22-76
uses-permission#com.android.launcher.permission.READ_SETTINGS
ADDED from src/main/AndroidManifest.xml:15:5-85
	android:name
		ADDED from src/main/AndroidManifest.xml:15:22-82
uses-permission#android.permission.BROADCAST_STICKY
ADDED from src/main/AndroidManifest.xml:16:5-75
MERGED from [:crmimlib:] AndroidManifest.xml:23:5-75
	android:name
		ADDED from src/main/AndroidManifest.xml:16:22-72
uses-permission#android.permission.WRITE_SETTINGS
ADDED from src/main/AndroidManifest.xml:17:5-73
	android:name
		ADDED from src/main/AndroidManifest.xml:17:22-70
uses-permission#android.permission.MOUNT_UNMOUNT_FILESYSTEMS
ADDED from src/main/AndroidManifest.xml:18:5-84
	android:name
		ADDED from src/main/AndroidManifest.xml:18:22-81
uses-permission#android.permission.READ_PHONE_STATE
ADDED from src/main/AndroidManifest.xml:19:5-75
MERGED from [:crmimlib:] AndroidManifest.xml:11:5-75
	android:name
		ADDED from src/main/AndroidManifest.xml:19:22-72
uses-permission#android.permission.ACCESS_COARSE_LOCATION
ADDED from src/main/AndroidManifest.xml:21:5-81
MERGED from [:crmimlib:] AndroidManifest.xml:22:5-81
	android:name
		ADDED from src/main/AndroidManifest.xml:21:22-78
uses-permission#android.permission.VIBRATE
ADDED from src/main/AndroidManifest.xml:22:5-66
MERGED from [:crmimlib:] AndroidManifest.xml:25:5-66
	android:name
		ADDED from src/main/AndroidManifest.xml:22:22-63
uses-permission#android.permission.GET_PACKAGE_SIZE
ADDED from src/main/AndroidManifest.xml:23:5-74
	android:name
		ADDED from src/main/AndroidManifest.xml:23:22-72
uses-permission#android.permission.ACCESS_FINE_LOCATION
ADDED from src/main/AndroidManifest.xml:24:5-78
	android:name
		ADDED from src/main/AndroidManifest.xml:24:22-76
supports-screens
ADDED from src/main/AndroidManifest.xml:26:5-31:39
	android:largeScreens
		ADDED from src/main/AndroidManifest.xml:28:9-36
	android:smallScreens
		ADDED from src/main/AndroidManifest.xml:31:9-36
	android:normalScreens
		ADDED from src/main/AndroidManifest.xml:29:9-37
	android:resizeable
		ADDED from src/main/AndroidManifest.xml:30:9-34
	android:anyDensity
		ADDED from src/main/AndroidManifest.xml:27:9-34
application
ADDED from src/main/AndroidManifest.xml:34:5-139:19
MERGED from [com.android.support:appcompat-v7:23.1.1] AndroidManifest.xml:22:5-20
MERGED from [com.android.support:support-v4:23.1.1] AndroidManifest.xml:22:5-20
MERGED from [:crmimlib:] AndroidManifest.xml:27:5-52:19
	android:label
		ADDED from src/main/AndroidManifest.xml:38:9-41
	android:supportsRtl
		ADDED from src/main/AndroidManifest.xml:39:9-35
	android:allowBackup
		ADDED from src/main/AndroidManifest.xml:36:9-36
	android:icon
		ADDED from src/main/AndroidManifest.xml:37:9-40
	android:theme
		ADDED from src/main/AndroidManifest.xml:40:9-40
	android:name
		ADDED from src/main/AndroidManifest.xml:35:9-51
activity#com.paic.crm.ui.SplashActivity
ADDED from src/main/AndroidManifest.xml:49:9-59:20
	android:screenOrientation
		ADDED from src/main/AndroidManifest.xml:53:13-49
	android:launchMode
		ADDED from src/main/AndroidManifest.xml:51:13-43
	android:theme
		ADDED from src/main/AndroidManifest.xml:52:13-47
	android:name
		ADDED from src/main/AndroidManifest.xml:50:13-58
intent-filter#android.intent.action.MAIN+android.intent.category.LAUNCHER
ADDED from src/main/AndroidManifest.xml:54:13-58:29
action#android.intent.action.MAIN
ADDED from src/main/AndroidManifest.xml:55:17-69
	android:name
		ADDED from src/main/AndroidManifest.xml:55:25-66
category#android.intent.category.LAUNCHER
ADDED from src/main/AndroidManifest.xml:57:17-77
	android:name
		ADDED from src/main/AndroidManifest.xml:57:27-74
activity#com.paic.crm.ui.LoginActivity
ADDED from src/main/AndroidManifest.xml:61:9-66:57
	android:screenOrientation
		ADDED from src/main/AndroidManifest.xml:63:13-49
	android:launchMode
		ADDED from src/main/AndroidManifest.xml:65:13-44
	android:windowSoftInputMode
		ADDED from src/main/AndroidManifest.xml:66:13-55
	android:theme
		ADDED from src/main/AndroidManifest.xml:64:13-46
	android:name
		ADDED from src/main/AndroidManifest.xml:62:13-57
activity#com.paic.crm.entrance.HomeActivity
ADDED from src/main/AndroidManifest.xml:68:9-72:69
	android:screenOrientation
		ADDED from src/main/AndroidManifest.xml:70:13-49
	android:launchMode
		ADDED from src/main/AndroidManifest.xml:71:13-44
	android:windowSoftInputMode
		ADDED from src/main/AndroidManifest.xml:72:13-67
	android:name
		ADDED from src/main/AndroidManifest.xml:69:13-62
activity#com.paic.crm.ui.ChatActivity
ADDED from src/main/AndroidManifest.xml:75:9-79:69
	android:screenOrientation
		ADDED from src/main/AndroidManifest.xml:78:13-49
	android:launchMode
		ADDED from src/main/AndroidManifest.xml:77:13-44
	android:windowSoftInputMode
		ADDED from src/main/AndroidManifest.xml:79:13-67
	android:name
		ADDED from src/main/AndroidManifest.xml:76:13-56
activity#com.paic.crm.ui.ConversationHistoryActivity
ADDED from src/main/AndroidManifest.xml:81:9-84:69
	android:screenOrientation
		ADDED from src/main/AndroidManifest.xml:83:13-49
	android:windowSoftInputMode
		ADDED from src/main/AndroidManifest.xml:84:13-67
	android:name
		ADDED from src/main/AndroidManifest.xml:82:13-71
activity#com.paic.crm.ui.WebViewActivity
ADDED from src/main/AndroidManifest.xml:86:9-90:69
	android:screenOrientation
		ADDED from src/main/AndroidManifest.xml:89:13-49
	android:launchMode
		ADDED from src/main/AndroidManifest.xml:88:13-43
	android:windowSoftInputMode
		ADDED from src/main/AndroidManifest.xml:90:13-67
	android:name
		ADDED from src/main/AndroidManifest.xml:87:13-59
activity#com.paic.crm.ui.SecondWebviewActivity
ADDED from src/main/AndroidManifest.xml:92:9-96:69
	android:screenOrientation
		ADDED from src/main/AndroidManifest.xml:95:13-49
	android:launchMode
		ADDED from src/main/AndroidManifest.xml:94:13-44
	android:windowSoftInputMode
		ADDED from src/main/AndroidManifest.xml:96:13-67
	android:name
		ADDED from src/main/AndroidManifest.xml:93:13-65
activity#com.paic.crm.ui.MsgHistoryActivity
ADDED from src/main/AndroidManifest.xml:98:9-102:69
	android:screenOrientation
		ADDED from src/main/AndroidManifest.xml:101:13-49
	android:launchMode
		ADDED from src/main/AndroidManifest.xml:100:13-44
	android:windowSoftInputMode
		ADDED from src/main/AndroidManifest.xml:102:13-67
	android:name
		ADDED from src/main/AndroidManifest.xml:99:13-62
activity#com.paic.crm.ui.ImageScaleActivity
ADDED from src/main/AndroidManifest.xml:104:9-108:69
	android:screenOrientation
		ADDED from src/main/AndroidManifest.xml:106:13-49
	android:launchMode
		ADDED from src/main/AndroidManifest.xml:107:13-44
	android:windowSoftInputMode
		ADDED from src/main/AndroidManifest.xml:108:13-67
	android:name
		ADDED from src/main/AndroidManifest.xml:105:13-62
activity#com.paic.crm.android.wxapi.WXEntryActivity
ADDED from src/main/AndroidManifest.xml:110:9-116:20
	android:label
		ADDED from src/main/AndroidManifest.xml:114:13-45
	android:launchMode
		ADDED from src/main/AndroidManifest.xml:112:13-44
	android:exported
		ADDED from src/main/AndroidManifest.xml:113:13-36
	android:name
		ADDED from src/main/AndroidManifest.xml:111:13-70
activity#com.paic.crm.ui.SettingsActivity
ADDED from src/main/AndroidManifest.xml:117:9-68
	android:name
		ADDED from src/main/AndroidManifest.xml:117:19-66
service#com.baidu.location.f
ADDED from src/main/AndroidManifest.xml:119:9-126:19
	android:enabled
		ADDED from src/main/AndroidManifest.xml:121:13-35
	android:process
		ADDED from src/main/AndroidManifest.xml:122:13-38
	android:name
		ADDED from src/main/AndroidManifest.xml:120:13-48
intent-filter#com.baidu.location.service_v2.2
ADDED from src/main/AndroidManifest.xml:123:13-125:29
action#com.baidu.location.service_v2.2
ADDED from src/main/AndroidManifest.xml:124:17-81
	android:name
		ADDED from src/main/AndroidManifest.xml:124:25-71
meta-data#com.baidu.lbsapi.API_KEY
ADDED from src/main/AndroidManifest.xml:128:9-130:42
	android:value
		ADDED from src/main/AndroidManifest.xml:130:13-39
		INJECTED from src/main/AndroidManifest.xml
	android:name
		ADDED from src/main/AndroidManifest.xml:129:13-52
meta-data#TD_APP_ID
ADDED from src/main/AndroidManifest.xml:132:9-134:44
	android:value
		ADDED from src/main/AndroidManifest.xml:134:13-41
		INJECTED from src/main/AndroidManifest.xml
	android:name
		ADDED from src/main/AndroidManifest.xml:133:13-37
meta-data#TD_CHANNEL_ID
ADDED from src/main/AndroidManifest.xml:136:9-138:45
	android:value
		ADDED from src/main/AndroidManifest.xml:138:13-42
		INJECTED from src/main/AndroidManifest.xml
	android:name
		ADDED from src/main/AndroidManifest.xml:137:13-41
uses-sdk
INJECTED from src/main/AndroidManifest.xml reason: use-sdk injection requested
MERGED from [com.android.support:appcompat-v7:23.1.1] AndroidManifest.xml:20:5-43
MERGED from [com.android.support:support-v4:23.1.1] AndroidManifest.xml:20:5-43
MERGED from [:crmimlib:] AndroidManifest.xml:7:5-9:41
	android:targetSdkVersion
		INJECTED from src/main/AndroidManifest.xml
		INJECTED from src/main/AndroidManifest.xml
	android:minSdkVersion
		INJECTED from src/main/AndroidManifest.xml
		INJECTED from src/main/AndroidManifest.xml
uses-permission#android.permission.CAMERA
ADDED from [:crmimlib:] AndroidManifest.xml:12:5-65
	android:name
		ADDED from [:crmimlib:] AndroidManifest.xml:12:22-62
uses-permission#android.permission.MODIFY_AUDIO_SETTINGS
ADDED from [:crmimlib:] AndroidManifest.xml:13:5-80
	android:name
		ADDED from [:crmimlib:] AndroidManifest.xml:13:22-77
uses-permission#android.permission.WAKE_LOCK
ADDED from [:crmimlib:] AndroidManifest.xml:17:5-68
	android:name
		ADDED from [:crmimlib:] AndroidManifest.xml:17:22-65
uses-permission#android.permission.READ_EXTERNAL_STORAGE
ADDED from [:crmimlib:] AndroidManifest.xml:19:5-80
	android:name
		ADDED from [:crmimlib:] AndroidManifest.xml:19:22-77
uses-permission#android.permission.BLUETOOTH
ADDED from [:crmimlib:] AndroidManifest.xml:24:5-68
	android:name
		ADDED from [:crmimlib:] AndroidManifest.xml:24:22-65
service#com.pingan.core.im.server.PAIMRemoteService
ADDED from [:crmimlib:] AndroidManifest.xml:28:9-36:19
	android:enabled
		ADDED from [:crmimlib:] AndroidManifest.xml:30:13-35
	android:process
		ADDED from [:crmimlib:] AndroidManifest.xml:32:13-36
	android:exported
		ADDED from [:crmimlib:] AndroidManifest.xml:31:13-37
	android:name
		ADDED from [:crmimlib:] AndroidManifest.xml:29:13-71
intent-filter#action.com.pingan.core.im.client.push.PAIMRemoteService.com.pingan.imui
ADDED from [:crmimlib:] AndroidManifest.xml:33:13-35:29
action#action.com.pingan.core.im.client.push.PAIMRemoteService.com.pingan.imui
ADDED from [:crmimlib:] AndroidManifest.xml:34:17-114
	android:name
		ADDED from [:crmimlib:] AndroidManifest.xml:34:25-111
receiver#com.pingan.core.im.client.app.receiver.PAIMBroadcastReceiver
ADDED from [:crmimlib:] AndroidManifest.xml:38:9-43:20
	android:name
		ADDED from [:crmimlib:] AndroidManifest.xml:38:19-94
intent-filter#action.com.pingan.core.im.client.app.PAIMBroadcastReceiver.com.pingan.imui+android.net.conn.CONNECTIVITY_CHANGE
ADDED from [:crmimlib:] AndroidManifest.xml:39:13-42:29
action#action.com.pingan.core.im.client.app.PAIMBroadcastReceiver.com.pingan.imui
ADDED from [:crmimlib:] AndroidManifest.xml:40:17-117
	android:name
		ADDED from [:crmimlib:] AndroidManifest.xml:40:25-114
action#android.net.conn.CONNECTIVITY_CHANGE
ADDED from [:crmimlib:] AndroidManifest.xml:41:17-79
	android:name
		ADDED from [:crmimlib:] AndroidManifest.xml:41:25-76
service#com.pingan.core.im.client.app.service.PAIMServiceReceiver
ADDED from [:crmimlib:] AndroidManifest.xml:45:9-51:19
	android:enabled
		ADDED from [:crmimlib:] AndroidManifest.xml:47:13-35
	android:name
		ADDED from [:crmimlib:] AndroidManifest.xml:46:13-85
intent-filter#action.com.pingan.core.im.client.app.PAIMServiceReceiver.com.pingan.imui
ADDED from [:crmimlib:] AndroidManifest.xml:48:13-50:29
action#action.com.pingan.core.im.client.app.PAIMServiceReceiver.com.pingan.imui
ADDED from [:crmimlib:] AndroidManifest.xml:49:17-115
	android:name
		ADDED from [:crmimlib:] AndroidManifest.xml:49:25-112